Log file open, 01/09/18 22:26:37
LogInit:Display: Running engine for game: Game2018
LogPlatformFile: Not using cached read wrapper
LogInit:Display: RandInit(1902554601) SRandInit(1902554601).
LogTaskGraph: Started task graph with 5 named threads and 12 total threads with 1 sets of task threads.
LogStats: Stats thread started at 0.152499
LogInit: Using libcurl 7.47.1
LogInit:  - built for x86_64-pc-win32
LogInit:  - supports SSL with OpenSSL/1.0.2g
LogInit:  - supports HTTP deflate (compression) using libz 1.2.8
LogInit:  - other features:
LogInit:      CURL_VERSION_SSL
LogInit:      CURL_VERSION_LIBZ
LogInit:      CURL_VERSION_IPV6
LogInit:      CURL_VERSION_ASYNCHDNS
LogInit:      CURL_VERSION_LARGEFILE
LogInit:      CURL_VERSION_IDN
LogInit:  CurlRequestOptions (configurable via config and command line):
LogInit:  - bVerifyPeer = false  - Libcurl will NOT verify peer certificate
LogInit:  - bUseHttpProxy = false  - Libcurl will NOT use HTTP proxy
LogInit:  - bDontReuseConnections = false  - Libcurl will reuse connections
LogInit:  - CertBundlePath = nullptr  - Libcurl will use whatever was configured at build time.
LogInit: Build: ++UE4+Release-4.16-CL-3561208
LogInit: Engine Version: 4.16.3-3561208+++UE4+Release-4.16
LogInit: Compatible Engine Version: 4.16.0-3452394+++UE4+Release-4.16
LogInit: Net CL: 3452394
LogDevObjectVersion: Number of dev versions registered: 16
LogDevObjectVersion:   Dev-Blueprints (B0D832E4-1F89-4F0D-ACCF-7EB736FD4AA2): 9
LogDevObjectVersion:   Dev-Build (E1C64328-A22C-4D53-A36C-8E866417BD8C): 0
LogDevObjectVersion:   Dev-Core (375EC13C-06E4-48FB-B500-84F0262A717E): 2
LogDevObjectVersion:   Dev-Editor (E4B068ED-F494-42E9-A231-DA0B2E46BB41): 17
LogDevObjectVersion:   Dev-Framework (CFFC743F-43B0-4480-9391-14DF171D2073): 23
LogDevObjectVersion:   Dev-Mobile (B02B49B5-BB20-44E9-A304-32B752E40360): 0
LogDevObjectVersion:   Dev-Networking (A4E4105C-59A1-49B5-A7C5-40C4547EDFEE): 0
LogDevObjectVersion:   Dev-Online (39C831C9-5AE6-47DC-9A44-9C173E1C8E7C): 0
LogDevObjectVersion:   Dev-Physics (78F01B33-EBEA-4F98-B9B4-84EACCB95AA2): 0
LogDevObjectVersion:   Dev-Platform (6631380F-2D4D-43E0-8009-CF276956A95A): 0
LogDevObjectVersion:   Dev-Rendering (12F88B9F-8875-4AFC-A67C-D90C383ABD29): 15
LogDevObjectVersion:   Dev-Sequencer (7B5AE74C-D270-4C10-A958-57980B212A5A): 4
LogDevObjectVersion:   Dev-VR (D7296918-1DD6-4BDD-9DE2-64A83CC13884): 0
LogDevObjectVersion:   Dev-LoadTimes (C2A15278-BFE7-4AFE-6C17-90FF531DF755): 1
LogDevObjectVersion:   Private-Geometry (6EACA3D4-40EC-4CC1-B786-8BED09428FC5): 1
LogDevObjectVersion:   Dev-AnimPhys (29E575DD-E0A3-4627-9D10-D276232CDCEA): 3
LogInit: Compiled (64-bit): Jul 28 2017 11:49:47
LogInit: Compiled with Visual C++: 19.00.24215.01
LogInit: Build Configuration: Development
LogInit: Branch Name: ++UE4+Release-4.16
LogInit: Command line: -EpicPortal 
LogInit: Base directory: C:/Program Files/Epic Games/UE_4.16/Engine/Binaries/Win64/
LogInit: Installed Engine Build: 1
LogInit: Presizing for max 8388607 objects, including 0 objects not considered by GC, pre-allocating 0 bytes for permanent pool.
LogInit: Object subsystem initialized
[2018.01.09-22.26.38:059][  0]LogInit: Selected Device Profile: [Windows]
[2018.01.09-22.26.38:059][  0]LogInit: Applying CVar settings loaded from the selected device profile: [Windows]
[2018.01.09-22.26.38:067][  0]LogInit: Computer: NEXUS
[2018.01.09-22.26.38:067][  0]LogInit: User: Timothy
[2018.01.09-22.26.38:067][  0]LogInit: CPU Page size=4096, Cores=8
[2018.01.09-22.26.38:067][  0]LogInit: High frequency timer resolution =3.906370 MHz
[2018.01.09-22.26.38:067][  0]LogMemory: Memory total: Physical=31.9GB (32GB approx)
[2018.01.09-22.26.38:067][  0]LogMemory: Platform Memory Stats for Windows
[2018.01.09-22.26.38:067][  0]LogMemory: Process Physical Memory: 276.23 MB used, 276.23 MB peak
[2018.01.09-22.26.38:067][  0]LogMemory: Process Virtual Memory: 268.64 MB used, 268.64 MB peak
[2018.01.09-22.26.38:067][  0]LogMemory: Physical Memory: 6912.85 MB used,  25783.54 MB free, 32696.39 MB total
[2018.01.09-22.26.38:067][  0]LogMemory: Virtual Memory: 675.44 MB used,  25783.54 MB free, 134217728.00 MB total
[2018.01.09-22.26.38:160][  0]LogInit: Using OS detected language (en-GB).
[2018.01.09-22.26.38:160][  0]LogInit: Using OS detected locale (en-US).
[2018.01.09-22.26.38:163][  0]LogTextLocalizationManager: No specific localization for 'en-GB' exists, so the 'en' localization will be used.
[2018.01.09-22.26.39:113][  0]LogD3D11RHI: D3D11 adapters:
[2018.01.09-22.26.39:178][  0]LogD3D11RHI:    0. 'NVIDIA GeForce GTX 1080 Ti' (Feature Level 11_0)
[2018.01.09-22.26.39:178][  0]LogD3D11RHI:       11127/0/16348 MB DedicatedVideo/DedicatedSystem/SharedSystem, Outputs:2, VendorId:0x10de
[2018.01.09-22.26.39:180][  0]LogD3D11RHI:    1. 'Microsoft Basic Render Driver' (Feature Level 11_0)
[2018.01.09-22.26.39:180][  0]LogD3D11RHI:       0/0/16348 MB DedicatedVideo/DedicatedSystem/SharedSystem, Outputs:0, VendorId:0x1414
[2018.01.09-22.26.39:180][  0]LogD3D11RHI: Chosen D3D11 Adapter: 0
[2018.01.09-22.26.39:192][  0]LogD3D11RHI: Creating new Direct3DDevice
[2018.01.09-22.26.39:192][  0]LogD3D11RHI:     GPU DeviceId: 0x1b06 (for the marketing name, search the web for "GPU Device Id")
[2018.01.09-22.26.39:192][  0]LogWindows: EnumDisplayDevices:
[2018.01.09-22.26.39:192][  0]LogWindows:    0. 'NVIDIA GeForce GTX 1080 Ti' (P:1 D:1)
[2018.01.09-22.26.39:192][  0]LogWindows:    1. 'NVIDIA GeForce GTX 1080 Ti' (P:0 D:1)
[2018.01.09-22.26.39:193][  0]LogWindows:    2. 'NVIDIA GeForce GTX 1080 Ti' (P:0 D:0)
[2018.01.09-22.26.39:193][  0]LogWindows:    3. 'NVIDIA GeForce GTX 1080 Ti' (P:0 D:0)
[2018.01.09-22.26.39:193][  0]LogWindows: DebugString: GetVideoDriverDetailsInvalid PrimaryIsNotTheChoosenAdapter GetVideoDriverDetailsInvalid PrimaryIsNotTheChoosenAdapter GetVideoDriverDetailsInvalid PrimaryIsNotTheChoosenAdapter GetVideoDriverDetailsInvalid PrimaryIsNotTheChoosenAdapter FoundDriverCount:0 
[2018.01.09-22.26.39:193][  0]LogD3D11RHI:     Adapter Name: NVIDIA GeForce GTX 1080 Ti
[2018.01.09-22.26.39:193][  0]LogD3D11RHI:   Driver Version: Unknown (internal:Unknown, unified:Unknown)
[2018.01.09-22.26.39:193][  0]LogD3D11RHI:      Driver Date: Unknown
[2018.01.09-22.26.39:193][  0]LogRHI: Texture pool is 1361 MB (70% of 1945 MB)
[2018.01.09-22.26.39:230][  0]LogD3D11RHI: Async texture creation enabled
[2018.01.09-22.26.39:247][  0]LogD3D11RHI: GPU Timing Frequency: 1000.000000 (Debug: 2 2)
[2018.01.09-22.26.39:340][  0]LogShaderCompilers: Guid format shader working directory is 17 characters bigger than the processId version (E:/Work/EigenSpelleke/Game2018/Intermediate/Shaders/WorkingDirectory/17712/).
[2018.01.09-22.26.39:340][  0]LogShaderCompilers: Cleaned the shader compiler working directory 'C:/Users/Timothy/AppData/Local/Temp/UnrealShaderWorkingDir/2609CEE042157274F03D5CB7B3C02BAB/'.
[2018.01.09-22.26.39:340][  0]LogShaderCompilers:Display: Using Local Shader Compiler.
[2018.01.09-22.26.40:358][  0]LogTemp:Display: Loaded TP AllDesktopTargetPlatform
[2018.01.09-22.26.40:425][  0]LogTemp:Display: Loaded TP MacClientTargetPlatform
[2018.01.09-22.26.40:493][  0]LogTemp:Display: Loaded TP MacNoEditorTargetPlatform
[2018.01.09-22.26.40:563][  0]LogTemp:Display: Loaded TP MacServerTargetPlatform
[2018.01.09-22.26.40:631][  0]LogTemp:Display: Loaded TP MacTargetPlatform
[2018.01.09-22.26.40:698][  0]LogTemp:Display: Loaded TP WindowsClientTargetPlatform
[2018.01.09-22.26.40:766][  0]LogTemp:Display: Loaded TP WindowsNoEditorTargetPlatform
[2018.01.09-22.26.40:832][  0]LogTemp:Display: Loaded TP WindowsServerTargetPlatform
[2018.01.09-22.26.40:892][  0]LogTemp:Display: Loaded TP WindowsTargetPlatform
[2018.01.09-22.26.40:957][  0]LogTemp:Display: Loaded TP AndroidTargetPlatform
[2018.01.09-22.26.41:022][  0]LogTemp:Display: Loaded TP Android_ASTCTargetPlatform
[2018.01.09-22.26.41:088][  0]LogTemp:Display: Loaded TP Android_ATCTargetPlatform
[2018.01.09-22.26.41:154][  0]LogTemp:Display: Loaded TP Android_DXTTargetPlatform
[2018.01.09-22.26.41:219][  0]LogTemp:Display: Loaded TP Android_ETC1TargetPlatform
[2018.01.09-22.26.41:283][  0]LogTemp:Display: Loaded TP Android_ETC2TargetPlatform
[2018.01.09-22.26.41:414][  0]LogTemp:Display: Loaded TP Android_MultiTargetPlatform
[2018.01.09-22.26.41:414][  0]LogTemp:Display: Loaded TP Android_PVRTCTargetPlatform
[2018.01.09-22.26.41:469][  0]LogTemp:Display: Loaded TP HTML5TargetPlatform
[2018.01.09-22.26.41:585][  0]LogTemp:Display: Loaded TP IOSTargetPlatform
[2018.01.09-22.26.41:624][  0]LogTemp:Display: Loaded TP TVOSTargetPlatform
[2018.01.09-22.26.41:689][  0]LogTemp:Display: Loaded TP LinuxClientTargetPlatform
[2018.01.09-22.26.41:754][  0]LogTemp:Display: Loaded TP LinuxNoEditorTargetPlatform
[2018.01.09-22.26.41:819][  0]LogTemp:Display: Loaded TP LinuxServerTargetPlatform
[2018.01.09-22.26.41:885][  0]LogTemp:Display: Loaded TP LinuxTargetPlatform
[2018.01.09-22.26.41:885][  0]LogTargetPlatformManager:Display: Building Assets For Windows
[2018.01.09-22.26.42:550][  0]LogDerivedDataCache:Display: Max Cache Size: 512 MB
[2018.01.09-22.26.42:641][  0]LogDerivedDataCache: Loaded boot cache 0.09s 90MB C:/Users/Timothy/AppData/Local/UnrealEngine/4.16/DerivedDataCache/Boot.ddc.
[2018.01.09-22.26.42:642][  0]LogDerivedDataCache:Display: Loaded Boot cache: C:/Users/Timothy/AppData/Local/UnrealEngine/4.16/DerivedDataCache/Boot.ddc
[2018.01.09-22.26.42:642][  0]LogDerivedDataCache: FDerivedDataBackendGraph:  Pak pak cache file E:/Work/EigenSpelleke/Game2018/DerivedDataCache/DDC.ddp not found, will not use a pak cache.
[2018.01.09-22.26.42:642][  0]LogDerivedDataCache: Unable to find inner node Pak for hierarchical cache Hierarchy.
[2018.01.09-22.26.42:642][  0]LogDerivedDataCache: FDerivedDataBackendGraph:  CompressedPak pak cache file E:/Work/EigenSpelleke/Game2018/DerivedDataCache/Compressed.ddp not found, will not use a pak cache.
[2018.01.09-22.26.42:642][  0]LogDerivedDataCache: Unable to find inner node CompressedPak for hierarchical cache Hierarchy.
[2018.01.09-22.26.42:661][  0]LogDerivedDataCache:Display: Pak cache opened for reading ../../../Engine/DerivedDataCache/Compressed.ddp.
[2018.01.09-22.26.42:673][  0]LogDerivedDataCache: Using Local data cache path C:/Users/Timothy/AppData/Local/UnrealEngine/Common/DerivedDataCache: Writable
[2018.01.09-22.26.42:683][  0]LogMaterial: Verifying Global Shaders for PCD3D_SM5
[2018.01.09-22.26.42:683][  0]LogSlate: Using Freetype 2.6.0
[2018.01.09-22.26.42:684][  0]LogSlate: SlateFontCache - WITH_FREETYPE: 1, WITH_HARFBUZZ: 1
[2018.01.09-22.26.42:684][  0]LogSlate: SlateFontCache - WITH_FREETYPE: 1, WITH_HARFBUZZ: 1
[2018.01.09-22.26.43:021][  0]LogInit: Selected Device Profile: [Windows]
[2018.01.09-22.26.43:083][  0]LogContentStreaming: Texture pool size is 0.00 MB
[2018.01.09-22.26.43:248][  0]LogMeshUtilities: Using QuadricMeshReduction for automatic static mesh reduction
[2018.01.09-22.26.43:309][  0]LogSimplygon: Simplygon DLL not present - disabling.
[2018.01.09-22.26.43:373][  0]LogMeshUtilities: Using SimplygonSwarm for distributed automatic mesh merging
[2018.01.09-22.26.43:374][  0]LogMeshUtilities: No automatic skeletal mesh reduction module available
[2018.01.09-22.26.43:374][  0]LogMeshUtilities: No automatic mesh merging module available
[2018.01.09-22.26.43:952][  0]LogNetVersion: Game2018 , NetCL: 3452394, EngineNetVer: 2, GameNetVer: 0 (Checksum: 2331250982)
[2018.01.09-22.26.44:024][  0]LogAssetRegistry: FAssetRegistry took 0.0289 seconds to start up
[2018.01.09-22.26.44:088][  0]LogPackageLocalizationCache: Processed 4 localized package path(s) for 2 prioritized culture(s) in 0.031125 seconds
[2018.01.09-22.26.44:095][  0]LogUObjectArray: 34194 objects as part of root set at end of initial load.
[2018.01.09-22.26.44:095][  0]LogUObjectAllocator: 7260424 out of 0 bytes used by permanent object pool.
[2018.01.09-22.26.44:095][  0]LogUObjectArray: CloseDisregardForGC: 0/0 objects in disregard for GC pool
[2018.01.09-22.26.44:187][  0]LogInit: WinSock: version 1.1 (2.2), MaxSocks=32767, MaxUdp=65467
[2018.01.09-22.26.47:133][  0]LogTcpMessaging: Initializing TcpMessaging bridge
[2018.01.09-22.26.47:189][  0]LogUdpMessaging: Initializing bridge on interface 0.0.0.0:0 to multicast group 230.0.0.1:6666.
[2018.01.09-22.26.47:933][  0]LogMaterial: Uniform references updated for custom material expression Custom.
[2018.01.09-22.26.48:428][  0]SourceControl: Info Source control is disabled
[2018.01.09-22.26.48:430][  0]SourceControl: Info Source control is disabled
[2018.01.09-22.26.48:495][  0]SourceControl: Info Source control is disabled
[2018.01.09-22.26.48:559][  0]SourceControl: Info Source control is disabled
[2018.01.09-22.26.49:487][  0]LogAndroidPermission: UAndroidPermissionCallbackProxy::GetInstance
[2018.01.09-22.26.50:287][  0]LogEngine: Initializing Engine...
[2018.01.09-22.26.50:288][  0]LogHMD: Failed to initialize OpenVR with code 110
[2018.01.09-22.26.50:460][  0]LogStats: UGameplayTagsManager::ConstructGameplayTagTree: Construct from data asset -  0.000 s
[2018.01.09-22.26.50:460][  0]LogStats: UGameplayTagsManager::ConstructGameplayTagTree: GameplayTagTreeChangedEvent.Broadcast -  0.000 s
[2018.01.09-22.26.50:636][  0]LogAIModule: Creating AISystem for world Untitled
[2018.01.09-22.26.50:647][  0]LogInit: XAudio2 using 'Speakers (Logitech G35 Gaming Headset)' : 6 channels at 44.1 kHz using 16 bits per sample (channel mask 0x3f)
[2018.01.09-22.26.50:666][  0]LogInit: FAudioDevice initialized.
[2018.01.09-22.26.50:725][  0]LogDerivedDataCache: Saved boot cache 0.06s 90MB C:/Users/Timothy/AppData/Local/UnrealEngine/4.16/DerivedDataCache/Boot.ddc.
[2018.01.09-22.26.50:737][  0]LogInit: Texture streaming: Enabled
[2018.01.09-22.26.50:871][  0]LogEngineSessionManager: EngineSessionManager initialized
[2018.01.09-22.26.51:184][  0]LogInit: Transaction tracking system initialized
[2018.01.09-22.26.51:624][  0]BlueprintLog: New page: Editor Load
[2018.01.09-22.26.52:979][  0]LocalizationService: Info Localization service is disabled
[2018.01.09-22.26.53:946][  0]LogConsoleResponse:Display: 
[2018.01.09-22.26.54:086][  0]LogFileCache: Scanning file cache for directory 'E:/Work/EigenSpelleke/Game2018/Content/' took 0.01s
[2018.01.09-22.26.54:086][  0]LogCook:Display: Max memory allowance for cook 16384mb min free memory 0mb
[2018.01.09-22.26.54:086][  0]LogCook:Display: Mobile HDR setting 1
[2018.01.09-22.26.55:533][  0]SourceControl: Info Source control is disabled
[2018.01.09-22.26.55:533][  0]Cmd: MAP LOAD FILE="../../../Engine/Content/Maps/Templates/Template_Default.umap" TEMPLATE=1 SHOWPROGRESS=1 FEATURELEVEL=3
[2018.01.09-22.26.55:533][  0]LightingResults: New page: Lighting Build
[2018.01.09-22.26.55:590][  0]MapCheck: New page: Map Check
[2018.01.09-22.26.55:590][  0]LightingResults: New page: Lighting Build
[2018.01.09-22.26.55:785][  0]LogAIModule: Creating AISystem for world Untitled_1
[2018.01.09-22.26.55:786][  0]LogActorComponent: RegisterComponentWithWorld: (/Temp/Untitled_1.Untitled_1:PersistentLevel.WorldSettings_1.StaticMeshComponent0) Trying to register component with IsPendingKill() == true. Aborting.
[2018.01.09-22.26.55:789][  0]LogEditorServer: Finished looking for orphan Actors (0.000 secs)
[2018.01.09-22.26.55:803][  0]Cmd: MAP CHECKDEP NOCLEARLOG
[2018.01.09-22.26.55:866][  0]MapCheck: Info Map check complete: 0 Error(s), 0 Warning(s), took 61.838ms to complete.
[2018.01.09-22.26.55:866][  0]LogFileHelpers: Loading map 'Template_Default' took 0.332
[2018.01.09-22.26.56:195][  0]LogCollectionManager: Loaded 0 collections in 0.001426 seconds
[2018.01.09-22.26.56:303][  0]LogFileCache: Scanning file cache for directory 'E:/Work/EigenSpelleke/Game2018/Saved/Collections/' took 0.01s
[2018.01.09-22.26.56:303][  0]LogFileCache: Scanning file cache for directory 'E:/Work/EigenSpelleke/Game2018/Content/Developers/Timothy/Collections/' took 0.01s
[2018.01.09-22.26.56:303][  0]LogFileCache: Scanning file cache for directory 'E:/Work/EigenSpelleke/Game2018/Content/Collections/' took 0.01s
[2018.01.09-22.26.56:303][  0]LogCollectionManager: Rebuilt the GUID cache for 0 collections in 0.000002 seconds
[2018.01.09-22.26.56:315][  0]LogContentBrowser: Native class hierarchy populated in 0.0112 seconds. Added 2331 classes and 495 folders.
[2018.01.09-22.26.56:406][  0]LogContentBrowser: Native class hierarchy updated for 'WidgetCarousel' in 0.0013 seconds. Added 0 classes and 0 folders.
[2018.01.09-22.26.56:522][  0]LogContentBrowser: Native class hierarchy updated for 'AddContentDialog' in 0.0014 seconds. Added 0 classes and 0 folders.
[2018.01.09-22.26.56:624][  0]LogCrashTracker: Crashtracker disabled due to settings.
[2018.01.09-22.26.56:631][  0]LogSlate: Took 0.000254 seconds to synchronously load lazily loaded font '../../../Engine/Content/Slate/Fonts/Roboto-Regular.ttf' (155K)
[2018.01.09-22.26.56:635][  0]LogSlate: Took 0.000253 seconds to synchronously load lazily loaded font '../../../Engine/Content/Slate/Fonts/Roboto-Bold.ttf' (160K)
[2018.01.09-22.26.56:639][  0]LogSlate: Took 0.000905 seconds to synchronously load lazily loaded font '../../../Engine/Content/Editor/Slate/Fonts/FontAwesome.ttf' (139K)
[2018.01.09-22.26.56:704][  0]LogRenderer: Reallocating scene render targets to support 1528x924 NumSamples 1 (Frame:1).
[2018.01.09-22.26.56:837][  0]LogUObjectGlobals:Warning: Failed to find object 'Class None.'
[2018.01.09-22.26.56:924][  0]LogContentBrowser: Native class hierarchy updated for 'HierarchicalLODOutliner' in 0.0014 seconds. Added 1 classes and 2 folders.
[2018.01.09-22.26.56:924][  0]LogLoad: (Engine Initialization) Total time: 20.89 seconds
[2018.01.09-22.26.56:924][  0]LogLoad: (Engine Initialization) Total Blueprint compile time: 0.10 seconds
[2018.01.09-22.26.56:924][  0]LogExternalProfiler: No external profilers were discovered.  External profiling features will not be available.
[2018.01.09-22.26.57:264][  0]LogOcInput: OculusInput pre-init called
[2018.01.09-22.26.57:264][  0]LogHMD: Starting GearVRController plugin
[2018.01.09-22.26.57:279][  0]LogAssetRegistry: Asset discovery search completed in 13.2807 seconds
[2018.01.09-22.26.57:281][  0]LogCollectionManager: Rebuilt the object cache for 0 collections in 0.000001 seconds (found 0 objects)
[2018.01.09-22.26.57:281][  0]LogCollectionManager: Fixed up redirectors for 0 collections in 0.000022 seconds (updated 0 objects)
[2018.01.09-22.26.57:281][  0]LogContentStreaming: Texture pool size now 1000 MB
